<?xml version="1.0" encoding="UTF-8"?>
<testng-results skipped="0" failed="0" total="1" passed="1">
  <reporter-output>
  </reporter-output>
  <suite name="Default suite" duration-ms="23" started-at="2019-12-06T23:59:57Z" finished-at="2019-12-06T23:59:57Z">
    <groups>
    </groups>
    <test name="Default test" duration-ms="23" started-at="2019-12-06T23:59:57Z" finished-at="2019-12-06T23:59:57Z">
      <class name="appTest">
        <test-method status="PASS" signature="testapp()[pri:0, instance:appTest@2d6a9952]" name="testapp" duration-ms="8" started-at="2019-12-06T15:59:57Z" finished-at="2019-12-06T15:59:57Z">
          <reporter-output>
          </reporter-output>
        </test-method> <!-- testapp -->
      </class> <!-- appTest -->
    </test> <!-- Default test -->
  </suite> <!-- Default suite -->
</testng-results>
